\BOOKMARK [0][-]{chapter.1}{\376\377\0001\000\040\000B\000l\000i\000n\000k\000i\000n\000g\000\040\000R\000e\000a\000c\000t\000i\000o\000n\000\040\000G\000a\000m\000e}{}% 1
\BOOKMARK [1][-]{section.1.1}{\376\377\0001\000.\0001\000\040\000I\000n\000t\000r\000o\000d\000u\000c\000t\000i\000o\000n}{chapter.1}% 2
\BOOKMARK [1][-]{section.1.2}{\376\377\0001\000.\0002\000\040\000G\000a\000m\000e\000p\000l\000a\000y}{chapter.1}% 3
\BOOKMARK [1][-]{section.1.3}{\376\377\0001\000.\0003\000\040\000I\000m\000p\000r\000o\000v\000e\000m\000e\000n\000t\000s}{chapter.1}% 4
\BOOKMARK [0][-]{chapter.2}{\376\377\0002\000\040\000R\000e\000a\000c\000t\000i\000o\000n\000\137\000g\000a\000m\000e}{}% 5
\BOOKMARK [0][-]{chapter.3}{\376\377\0003\000\040\000H\000i\000e\000r\000a\000r\000c\000h\000i\000c\000a\000l\000\040\000I\000n\000d\000e\000x}{}% 6
\BOOKMARK [1][-]{section.3.1}{\376\377\0003\000.\0001\000\040\000C\000l\000a\000s\000s\000\040\000H\000i\000e\000r\000a\000r\000c\000h\000y}{chapter.3}% 7
\BOOKMARK [0][-]{chapter.4}{\376\377\0004\000\040\000C\000l\000a\000s\000s\000\040\000I\000n\000d\000e\000x}{}% 8
\BOOKMARK [1][-]{section.4.1}{\376\377\0004\000.\0001\000\040\000C\000l\000a\000s\000s\000\040\000L\000i\000s\000t}{chapter.4}% 9
\BOOKMARK [0][-]{chapter.5}{\376\377\0005\000\040\000F\000i\000l\000e\000\040\000I\000n\000d\000e\000x}{}% 10
\BOOKMARK [1][-]{section.5.1}{\376\377\0005\000.\0001\000\040\000F\000i\000l\000e\000\040\000L\000i\000s\000t}{chapter.5}% 11
\BOOKMARK [0][-]{chapter.6}{\376\377\0006\000\040\000C\000l\000a\000s\000s\000\040\000D\000o\000c\000u\000m\000e\000n\000t\000a\000t\000i\000o\000n}{}% 12
\BOOKMARK [1][-]{section.6.1}{\376\377\0006\000.\0001\000\040\000A\000D\000P\000C\000M\000S\000o\000u\000n\000d\000\040\000C\000l\000a\000s\000s\000\040\000R\000e\000f\000e\000r\000e\000n\000c\000e}{chapter.6}% 13
\BOOKMARK [2][-]{subsection.6.1.1}{\376\377\0006\000.\0001\000.\0001\000\040\000D\000e\000t\000a\000i\000l\000e\000d\000\040\000D\000e\000s\000c\000r\000i\000p\000t\000i\000o\000n}{section.6.1}% 14
\BOOKMARK [2][-]{subsection.6.1.2}{\376\377\0006\000.\0001\000.\0002\000\040\000C\000o\000n\000s\000t\000r\000u\000c\000t\000o\000r\000\040\000\046\000\040\000D\000e\000s\000t\000r\000u\000c\000t\000o\000r\000\040\000D\000o\000c\000u\000m\000e\000n\000t\000a\000t\000i\000o\000n}{section.6.1}% 15
\BOOKMARK [3][-]{subsubsection.6.1.2.1}{\376\377\0006\000.\0001\000.\0002\000.\0001\000\040\000A\000D\000P\000C\000M\000S\000o\000u\000n\000d\000\050\000\051}{subsection.6.1.2}% 16
\BOOKMARK [2][-]{subsection.6.1.3}{\376\377\0006\000.\0001\000.\0003\000\040\000M\000e\000m\000b\000e\000r\000\040\000F\000u\000n\000c\000t\000i\000o\000n\000\040\000D\000o\000c\000u\000m\000e\000n\000t\000a\000t\000i\000o\000n}{section.6.1}% 17
\BOOKMARK [3][-]{subsubsection.6.1.3.1}{\376\377\0006\000.\0001\000.\0003\000.\0001\000\040\000f\000i\000l\000l\000M\000o\000n\000o\000B\000u\000f\000f\000e\000r\000\050\000\051}{subsection.6.1.3}% 18
\BOOKMARK [3][-]{subsubsection.6.1.3.2}{\376\377\0006\000.\0001\000.\0003\000.\0002\000\040\000f\000i\000l\000l\000S\000t\000e\000r\000e\000o\000B\000u\000f\000f\000e\000r\000\050\000\051}{subsection.6.1.3}% 19
\BOOKMARK [3][-]{subsubsection.6.1.3.3}{\376\377\0006\000.\0001\000.\0003\000.\0003\000\040\000r\000e\000w\000i\000n\000d\000\050\000\051}{subsection.6.1.3}% 20
\BOOKMARK [1][-]{section.6.2}{\376\377\0006\000.\0002\000\040\000P\000l\000a\000y\000e\000r\000\040\000C\000l\000a\000s\000s\000\040\000R\000e\000f\000e\000r\000e\000n\000c\000e}{chapter.6}% 21
\BOOKMARK [2][-]{subsection.6.2.1}{\376\377\0006\000.\0002\000.\0001\000\040\000D\000e\000t\000a\000i\000l\000e\000d\000\040\000D\000e\000s\000c\000r\000i\000p\000t\000i\000o\000n}{section.6.2}% 22
\BOOKMARK [2][-]{subsection.6.2.2}{\376\377\0006\000.\0002\000.\0002\000\040\000M\000e\000m\000b\000e\000r\000\040\000F\000u\000n\000c\000t\000i\000o\000n\000\040\000D\000o\000c\000u\000m\000e\000n\000t\000a\000t\000i\000o\000n}{section.6.2}% 23
\BOOKMARK [3][-]{subsubsection.6.2.2.1}{\376\377\0006\000.\0002\000.\0002\000.\0001\000\040\000i\000n\000s\000t\000a\000n\000c\000e\000\050\000\051}{subsection.6.2.2}% 24
\BOOKMARK [3][-]{subsubsection.6.2.2.2}{\376\377\0006\000.\0002\000.\0002\000.\0002\000\040\000i\000s\000P\000l\000a\000y\000i\000n\000g\000\050\000\051}{subsection.6.2.2}% 25
\BOOKMARK [3][-]{subsubsection.6.2.2.3}{\376\377\0006\000.\0002\000.\0002\000.\0003\000\040\000p\000l\000a\000y\000\050\000\051}{subsection.6.2.2}% 26
\BOOKMARK [1][-]{section.6.3}{\376\377\0006\000.\0003\000\040\000S\000o\000u\000n\000d\000\040\000C\000l\000a\000s\000s\000\040\000R\000e\000f\000e\000r\000e\000n\000c\000e}{chapter.6}% 27
\BOOKMARK [2][-]{subsection.6.3.1}{\376\377\0006\000.\0003\000.\0001\000\040\000D\000e\000t\000a\000i\000l\000e\000d\000\040\000D\000e\000s\000c\000r\000i\000p\000t\000i\000o\000n}{section.6.3}% 28
\BOOKMARK [2][-]{subsection.6.3.2}{\376\377\0006\000.\0003\000.\0002\000\040\000C\000o\000n\000s\000t\000r\000u\000c\000t\000o\000r\000\040\000\046\000\040\000D\000e\000s\000t\000r\000u\000c\000t\000o\000r\000\040\000D\000o\000c\000u\000m\000e\000n\000t\000a\000t\000i\000o\000n}{section.6.3}% 29
\BOOKMARK [3][-]{subsubsection.6.3.2.1}{\376\377\0006\000.\0003\000.\0002\000.\0001\000\040\000\040\000S\000o\000u\000n\000d\000\050\000\051}{subsection.6.3.2}% 30
\BOOKMARK [2][-]{subsection.6.3.3}{\376\377\0006\000.\0003\000.\0003\000\040\000M\000e\000m\000b\000e\000r\000\040\000F\000u\000n\000c\000t\000i\000o\000n\000\040\000D\000o\000c\000u\000m\000e\000n\000t\000a\000t\000i\000o\000n}{section.6.3}% 31
\BOOKMARK [3][-]{subsubsection.6.3.3.1}{\376\377\0006\000.\0003\000.\0003\000.\0001\000\040\000f\000i\000l\000l\000M\000o\000n\000o\000B\000u\000f\000f\000e\000r\000\050\000\051}{subsection.6.3.3}% 32
\BOOKMARK [3][-]{subsubsection.6.3.3.2}{\376\377\0006\000.\0003\000.\0003\000.\0002\000\040\000f\000i\000l\000l\000S\000t\000e\000r\000e\000o\000B\000u\000f\000f\000e\000r\000\050\000\051}{subsection.6.3.3}% 33
\BOOKMARK [3][-]{subsubsection.6.3.3.3}{\376\377\0006\000.\0003\000.\0003\000.\0003\000\040\000r\000e\000w\000i\000n\000d\000\050\000\051}{subsection.6.3.3}% 34
\BOOKMARK [0][-]{chapter.7}{\376\377\0007\000\040\000F\000i\000l\000e\000\040\000D\000o\000c\000u\000m\000e\000n\000t\000a\000t\000i\000o\000n}{}% 35
\BOOKMARK [1][-]{section.7.1}{\376\377\0007\000.\0001\000\040\000a\000d\000p\000c\000m\000.\000c\000\040\000F\000i\000l\000e\000\040\000R\000e\000f\000e\000r\000e\000n\000c\000e}{chapter.7}% 36
\BOOKMARK [2][-]{subsection.7.1.1}{\376\377\0007\000.\0001\000.\0001\000\040\000F\000u\000n\000c\000t\000i\000o\000n\000\040\000D\000o\000c\000u\000m\000e\000n\000t\000a\000t\000i\000o\000n}{section.7.1}% 37
\BOOKMARK [3][-]{subsubsection.7.1.1.1}{\376\377\0007\000.\0001\000.\0001\000.\0001\000\040\000A\000D\000P\000C\000M\000\137\000D\000e\000c\000o\000d\000e\000\050\000\051}{subsection.7.1.1}% 38
\BOOKMARK [3][-]{subsubsection.7.1.1.2}{\376\377\0007\000.\0001\000.\0001\000.\0002\000\040\000A\000D\000P\000C\000M\000\137\000E\000n\000c\000o\000d\000e\000\050\000\051}{subsection.7.1.1}% 39
\BOOKMARK [2][-]{subsection.7.1.2}{\376\377\0007\000.\0001\000.\0002\000\040\000V\000a\000r\000i\000a\000b\000l\000e\000\040\000D\000o\000c\000u\000m\000e\000n\000t\000a\000t\000i\000o\000n}{section.7.1}% 40
\BOOKMARK [3][-]{subsubsection.7.1.2.1}{\376\377\0007\000.\0001\000.\0002\000.\0001\000\040\000I\000n\000d\000e\000x\000T\000a\000b\000l\000e}{subsection.7.1.2}% 41
\BOOKMARK [3][-]{subsubsection.7.1.2.2}{\376\377\0007\000.\0001\000.\0002\000.\0002\000\040\000S\000t\000e\000p\000S\000i\000z\000e\000T\000a\000b\000l\000e}{subsection.7.1.2}% 42
\BOOKMARK [1][-]{section.7.2}{\376\377\0007\000.\0002\000\040\000a\000d\000p\000c\000m\000.\000d\000\040\000F\000i\000l\000e\000\040\000R\000e\000f\000e\000r\000e\000n\000c\000e}{chapter.7}% 43
\BOOKMARK [1][-]{section.7.3}{\376\377\0007\000.\0003\000\040\000a\000d\000p\000c\000m\000.\000h\000\040\000F\000i\000l\000e\000\040\000R\000e\000f\000e\000r\000e\000n\000c\000e}{chapter.7}% 44
\BOOKMARK [2][-]{subsection.7.3.1}{\376\377\0007\000.\0003\000.\0001\000\040\000F\000u\000n\000c\000t\000i\000o\000n\000\040\000D\000o\000c\000u\000m\000e\000n\000t\000a\000t\000i\000o\000n}{section.7.3}% 45
\BOOKMARK [3][-]{subsubsection.7.3.1.1}{\376\377\0007\000.\0003\000.\0001\000.\0001\000\040\000A\000D\000P\000C\000M\000\137\000D\000e\000c\000o\000d\000e\000\050\000\051}{subsection.7.3.1}% 46
\BOOKMARK [3][-]{subsubsection.7.3.1.2}{\376\377\0007\000.\0003\000.\0001\000.\0002\000\040\000A\000D\000P\000C\000M\000\137\000E\000n\000c\000o\000d\000e\000\050\000\051}{subsection.7.3.1}% 47
\BOOKMARK [1][-]{section.7.4}{\376\377\0007\000.\0004\000\040\000b\000u\000t\000t\000o\000n\000.\000c\000p\000p\000\040\000F\000i\000l\000e\000\040\000R\000e\000f\000e\000r\000e\000n\000c\000e}{chapter.7}% 48
\BOOKMARK [2][-]{subsection.7.4.1}{\376\377\0007\000.\0004\000.\0001\000\040\000D\000e\000t\000a\000i\000l\000e\000d\000\040\000D\000e\000s\000c\000r\000i\000p\000t\000i\000o\000n}{section.7.4}% 49
\BOOKMARK [2][-]{subsection.7.4.2}{\376\377\0007\000.\0004\000.\0002\000\040\000T\000y\000p\000e\000d\000e\000f\000\040\000D\000o\000c\000u\000m\000e\000n\000t\000a\000t\000i\000o\000n}{section.7.4}% 50
\BOOKMARK [3][-]{subsubsection.7.4.2.1}{\376\377\0007\000.\0004\000.\0002\000.\0001\000\040\000b\000u\000t\000t\000o\000n}{subsection.7.4.2}% 51
\BOOKMARK [2][-]{subsection.7.4.3}{\376\377\0007\000.\0004\000.\0003\000\040\000F\000u\000n\000c\000t\000i\000o\000n\000\040\000D\000o\000c\000u\000m\000e\000n\000t\000a\000t\000i\000o\000n}{section.7.4}% 52
\BOOKMARK [3][-]{subsubsection.7.4.3.1}{\376\377\0007\000.\0004\000.\0003\000.\0001\000\040\000\137\000\137\000a\000t\000t\000r\000i\000b\000u\000t\000e\000\137\000\137\000\050\000\051\000\040\000[\0001\000/\0002\000]}{subsection.7.4.3}% 53
\BOOKMARK [3][-]{subsubsection.7.4.3.2}{\376\377\0007\000.\0004\000.\0003\000.\0002\000\040\000\137\000\137\000a\000t\000t\000r\000i\000b\000u\000t\000e\000\137\000\137\000\050\000\051\000\040\000[\0002\000/\0002\000]}{subsection.7.4.3}% 54
\BOOKMARK [3][-]{subsubsection.7.4.3.3}{\376\377\0007\000.\0004\000.\0003\000.\0003\000\040\000c\000o\000n\000f\000i\000g\000u\000r\000e\000B\000u\000t\000t\000o\000n\000I\000n\000t\000e\000r\000r\000u\000p\000t\000\050\000\051}{subsection.7.4.3}% 55
\BOOKMARK [3][-]{subsubsection.7.4.3.4}{\376\377\0007\000.\0004\000.\0003\000.\0004\000\040\000w\000a\000i\000t\000F\000o\000r\000B\000u\000t\000t\000o\000n\000\050\000\051}{subsection.7.4.3}% 56
\BOOKMARK [2][-]{subsection.7.4.4}{\376\377\0007\000.\0004\000.\0004\000\040\000V\000a\000r\000i\000a\000b\000l\000e\000\040\000D\000o\000c\000u\000m\000e\000n\000t\000a\000t\000i\000o\000n}{section.7.4}% 57
\BOOKMARK [3][-]{subsubsection.7.4.4.1}{\376\377\0007\000.\0004\000.\0004\000.\0001\000\040\000a\000c\000t\000i\000o\000n}{subsection.7.4.4}% 58
\BOOKMARK [3][-]{subsubsection.7.4.4.2}{\376\377\0007\000.\0004\000.\0004\000.\0002\000\040\000m\000u\000t\000e\000x}{subsection.7.4.4}% 59
\BOOKMARK [1][-]{section.7.5}{\376\377\0007\000.\0005\000\040\000b\000u\000t\000t\000o\000n\000.\000d\000\040\000F\000i\000l\000e\000\040\000R\000e\000f\000e\000r\000e\000n\000c\000e}{chapter.7}% 60
\BOOKMARK [1][-]{section.7.6}{\376\377\0007\000.\0006\000\040\000b\000u\000t\000t\000o\000n\000.\000h\000\040\000F\000i\000l\000e\000\040\000R\000e\000f\000e\000r\000e\000n\000c\000e}{chapter.7}% 61
\BOOKMARK [2][-]{subsection.7.6.1}{\376\377\0007\000.\0006\000.\0001\000\040\000D\000e\000t\000a\000i\000l\000e\000d\000\040\000D\000e\000s\000c\000r\000i\000p\000t\000i\000o\000n}{section.7.6}% 62
\BOOKMARK [2][-]{subsection.7.6.2}{\376\377\0007\000.\0006\000.\0002\000\040\000F\000u\000n\000c\000t\000i\000o\000n\000\040\000D\000o\000c\000u\000m\000e\000n\000t\000a\000t\000i\000o\000n}{section.7.6}% 63
\BOOKMARK [3][-]{subsubsection.7.6.2.1}{\376\377\0007\000.\0006\000.\0002\000.\0001\000\040\000c\000o\000n\000f\000i\000g\000u\000r\000e\000B\000u\000t\000t\000o\000n\000I\000n\000t\000e\000r\000r\000u\000p\000t\000\050\000\051}{subsection.7.6.2}% 64
\BOOKMARK [3][-]{subsubsection.7.6.2.2}{\376\377\0007\000.\0006\000.\0002\000.\0002\000\040\000w\000a\000i\000t\000F\000o\000r\000B\000u\000t\000t\000o\000n\000\050\000\051}{subsection.7.6.2}% 65
\BOOKMARK [1][-]{section.7.7}{\376\377\0007\000.\0007\000\040\000B\000u\000z\000z\000e\000r\000.\000h\000\040\000F\000i\000l\000e\000\040\000R\000e\000f\000e\000r\000e\000n\000c\000e}{chapter.7}% 66
\BOOKMARK [2][-]{subsection.7.7.1}{\376\377\0007\000.\0007\000.\0001\000\040\000D\000e\000t\000a\000i\000l\000e\000d\000\040\000D\000e\000s\000c\000r\000i\000p\000t\000i\000o\000n}{section.7.7}% 67
\BOOKMARK [2][-]{subsection.7.7.2}{\376\377\0007\000.\0007\000.\0002\000\040\000V\000a\000r\000i\000a\000b\000l\000e\000\040\000D\000o\000c\000u\000m\000e\000n\000t\000a\000t\000i\000o\000n}{section.7.7}% 68
\BOOKMARK [3][-]{subsubsection.7.7.2.1}{\376\377\0007\000.\0007\000.\0002\000.\0001\000\040\000b\000u\000z\000z\000e\000r\000\137\000b\000i\000n}{subsection.7.7.2}% 69
\BOOKMARK [3][-]{subsubsection.7.7.2.2}{\376\377\0007\000.\0007\000.\0002\000.\0002\000\040\000b\000u\000z\000z\000e\000r\000\137\000b\000i\000n\000\137\000l\000e\000n}{subsection.7.7.2}% 70
\BOOKMARK [1][-]{section.7.8}{\376\377\0007\000.\0008\000\040\000c\000o\000n\000v\000e\000r\000t\000.\000c\000p\000p\000\040\000F\000i\000l\000e\000\040\000R\000e\000f\000e\000r\000e\000n\000c\000e}{chapter.7}% 71
\BOOKMARK [2][-]{subsection.7.8.1}{\376\377\0007\000.\0008\000.\0001\000\040\000F\000u\000n\000c\000t\000i\000o\000n\000\040\000D\000o\000c\000u\000m\000e\000n\000t\000a\000t\000i\000o\000n}{section.7.8}% 72
\BOOKMARK [3][-]{subsubsection.7.8.1.1}{\376\377\0007\000.\0008\000.\0001\000.\0001\000\040\000m\000a\000i\000n\000\050\000\051}{subsection.7.8.1}% 73
\BOOKMARK [3][-]{subsubsection.7.8.1.2}{\376\377\0007\000.\0008\000.\0001\000.\0002\000\040\000r\000u\000n\000\050\000\051}{subsection.7.8.1}% 74
\BOOKMARK [1][-]{section.7.9}{\376\377\0007\000.\0009\000\040\000g\000a\000m\000e\000.\000c\000p\000p\000\040\000F\000i\000l\000e\000\040\000R\000e\000f\000e\000r\000e\000n\000c\000e}{chapter.7}% 75
\BOOKMARK [2][-]{subsection.7.9.1}{\376\377\0007\000.\0009\000.\0001\000\040\000D\000e\000t\000a\000i\000l\000e\000d\000\040\000D\000e\000s\000c\000r\000i\000p\000t\000i\000o\000n}{section.7.9}% 76
\BOOKMARK [2][-]{subsection.7.9.2}{\376\377\0007\000.\0009\000.\0002\000\040\000T\000y\000p\000e\000d\000e\000f\000\040\000D\000o\000c\000u\000m\000e\000n\000t\000a\000t\000i\000o\000n}{section.7.9}% 77
\BOOKMARK [3][-]{subsubsection.7.9.2.1}{\376\377\0007\000.\0009\000.\0002\000.\0001\000\040\000b\000u\000t\000t\000o\000n}{subsection.7.9.2}% 78
\BOOKMARK [2][-]{subsection.7.9.3}{\376\377\0007\000.\0009\000.\0003\000\040\000F\000u\000n\000c\000t\000i\000o\000n\000\040\000D\000o\000c\000u\000m\000e\000n\000t\000a\000t\000i\000o\000n}{section.7.9}% 79
\BOOKMARK [3][-]{subsubsection.7.9.3.1}{\376\377\0007\000.\0009\000.\0003\000.\0001\000\040\000b\000u\000z\000z\000e\000r\000S\000o\000u\000n\000d\000\050\000\051}{subsection.7.9.3}% 80
\BOOKMARK [3][-]{subsubsection.7.9.3.2}{\376\377\0007\000.\0009\000.\0003\000.\0002\000\040\000g\000a\000m\000e\000O\000v\000e\000r\000\050\000\051}{subsection.7.9.3}% 81
\BOOKMARK [3][-]{subsubsection.7.9.3.3}{\376\377\0007\000.\0009\000.\0003\000.\0003\000\040\000g\000a\000m\000e\000P\000l\000a\000y\000\050\000\051}{subsection.7.9.3}% 82
\BOOKMARK [3][-]{subsubsection.7.9.3.4}{\376\377\0007\000.\0009\000.\0003\000.\0004\000\040\000h\000i\000g\000h\000s\000c\000o\000r\000e\000S\000o\000u\000n\000d\000\050\000\051}{subsection.7.9.3}% 83
\BOOKMARK [3][-]{subsubsection.7.9.3.5}{\376\377\0007\000.\0009\000.\0003\000.\0005\000\040\000s\000h\000o\000u\000l\000d\000B\000l\000i\000n\000k\000A\000g\000a\000i\000n\000\050\000\051}{subsection.7.9.3}% 84
\BOOKMARK [2][-]{subsection.7.9.4}{\376\377\0007\000.\0009\000.\0004\000\040\000V\000a\000r\000i\000a\000b\000l\000e\000\040\000D\000o\000c\000u\000m\000e\000n\000t\000a\000t\000i\000o\000n}{section.7.9}% 85
\BOOKMARK [3][-]{subsubsection.7.9.4.1}{\376\377\0007\000.\0009\000.\0004\000.\0001\000\040\000a\000c\000t\000i\000o\000n}{subsection.7.9.4}% 86
\BOOKMARK [3][-]{subsubsection.7.9.4.2}{\376\377\0007\000.\0009\000.\0004\000.\0002\000\040\000d\000i\000f\000f\000i\000c\000u\000l\000t\000y}{subsection.7.9.4}% 87
\BOOKMARK [3][-]{subsubsection.7.9.4.3}{\376\377\0007\000.\0009\000.\0004\000.\0003\000\040\000g\000a\000m\000e}{subsection.7.9.4}% 88
\BOOKMARK [3][-]{subsubsection.7.9.4.4}{\376\377\0007\000.\0009\000.\0004\000.\0004\000\040\000h\000i\000g\000h\000s\000c\000o\000r\000e}{subsection.7.9.4}% 89
\BOOKMARK [3][-]{subsubsection.7.9.4.5}{\376\377\0007\000.\0009\000.\0004\000.\0005\000\040\000i\000n\000t\000e\000r\000a\000c\000t\000i\000o\000n}{subsection.7.9.4}% 90
\BOOKMARK [3][-]{subsubsection.7.9.4.6}{\376\377\0007\000.\0009\000.\0004\000.\0006\000\040\000l\000e\000v\000e\000l}{subsection.7.9.4}% 91
\BOOKMARK [3][-]{subsubsection.7.9.4.7}{\376\377\0007\000.\0009\000.\0004\000.\0007\000\040\000m\000u\000t\000e\000x}{subsection.7.9.4}% 92
\BOOKMARK [1][-]{section.7.10}{\376\377\0007\000.\0001\0000\000\040\000g\000a\000m\000e\000.\000d\000\040\000F\000i\000l\000e\000\040\000R\000e\000f\000e\000r\000e\000n\000c\000e}{chapter.7}% 93
\BOOKMARK [1][-]{section.7.11}{\376\377\0007\000.\0001\0001\000\040\000g\000a\000m\000e\000.\000h\000\040\000F\000i\000l\000e\000\040\000R\000e\000f\000e\000r\000e\000n\000c\000e}{chapter.7}% 94
\BOOKMARK [2][-]{subsection.7.11.1}{\376\377\0007\000.\0001\0001\000.\0001\000\040\000D\000e\000t\000a\000i\000l\000e\000d\000\040\000D\000e\000s\000c\000r\000i\000p\000t\000i\000o\000n}{section.7.11}% 95
\BOOKMARK [2][-]{subsection.7.11.2}{\376\377\0007\000.\0001\0001\000.\0002\000\040\000M\000a\000c\000r\000o\000\040\000D\000e\000f\000i\000n\000i\000t\000i\000o\000n\000\040\000D\000o\000c\000u\000m\000e\000n\000t\000a\000t\000i\000o\000n}{section.7.11}% 96
\BOOKMARK [3][-]{subsubsection.7.11.2.1}{\376\377\0007\000.\0001\0001\000.\0002\000.\0001\000\040\000G\000A\000M\000E\000O\000V\000E\000R}{subsection.7.11.2}% 97
\BOOKMARK [2][-]{subsection.7.11.3}{\376\377\0007\000.\0001\0001\000.\0003\000\040\000F\000u\000n\000c\000t\000i\000o\000n\000\040\000D\000o\000c\000u\000m\000e\000n\000t\000a\000t\000i\000o\000n}{section.7.11}% 98
\BOOKMARK [3][-]{subsubsection.7.11.3.1}{\376\377\0007\000.\0001\0001\000.\0003\000.\0001\000\040\000b\000u\000z\000z\000e\000r\000S\000o\000u\000n\000d\000\050\000\051}{subsection.7.11.3}% 99
\BOOKMARK [3][-]{subsubsection.7.11.3.2}{\376\377\0007\000.\0001\0001\000.\0003\000.\0002\000\040\000g\000a\000m\000e\000O\000v\000e\000r\000\050\000\051}{subsection.7.11.3}% 100
\BOOKMARK [3][-]{subsubsection.7.11.3.3}{\376\377\0007\000.\0001\0001\000.\0003\000.\0003\000\040\000g\000a\000m\000e\000P\000l\000a\000y\000\050\000\051}{subsection.7.11.3}% 101
\BOOKMARK [3][-]{subsubsection.7.11.3.4}{\376\377\0007\000.\0001\0001\000.\0003\000.\0004\000\040\000h\000i\000g\000h\000s\000c\000o\000r\000e\000S\000o\000u\000n\000d\000\050\000\051}{subsection.7.11.3}% 102
\BOOKMARK [3][-]{subsubsection.7.11.3.5}{\376\377\0007\000.\0001\0001\000.\0003\000.\0005\000\040\000s\000h\000o\000u\000l\000d\000B\000l\000i\000n\000k\000A\000g\000a\000i\000n\000\050\000\051}{subsection.7.11.3}% 103
\BOOKMARK [1][-]{section.7.12}{\376\377\0007\000.\0001\0002\000\040\000h\000i\000g\000h\000s\000c\000o\000r\000e\000.\000h\000\040\000F\000i\000l\000e\000\040\000R\000e\000f\000e\000r\000e\000n\000c\000e}{chapter.7}% 104
\BOOKMARK [2][-]{subsection.7.12.1}{\376\377\0007\000.\0001\0002\000.\0001\000\040\000D\000e\000t\000a\000i\000l\000e\000d\000\040\000D\000e\000s\000c\000r\000i\000p\000t\000i\000o\000n}{section.7.12}% 105
\BOOKMARK [2][-]{subsection.7.12.2}{\376\377\0007\000.\0001\0002\000.\0002\000\040\000V\000a\000r\000i\000a\000b\000l\000e\000\040\000D\000o\000c\000u\000m\000e\000n\000t\000a\000t\000i\000o\000n}{section.7.12}% 106
\BOOKMARK [3][-]{subsubsection.7.12.2.1}{\376\377\0007\000.\0001\0002\000.\0002\000.\0001\000\040\000h\000i\000g\000h\000s\000c\000o\000r\000e\000\137\000b\000i\000n}{subsection.7.12.2}% 107
\BOOKMARK [3][-]{subsubsection.7.12.2.2}{\376\377\0007\000.\0001\0002\000.\0002\000.\0002\000\040\000h\000i\000g\000h\000s\000c\000o\000r\000e\000\137\000b\000i\000n\000\137\000l\000e\000n}{subsection.7.12.2}% 108
\BOOKMARK [1][-]{section.7.13}{\376\377\0007\000.\0001\0003\000\040\000l\000e\000d\000.\000c\000p\000p\000\040\000F\000i\000l\000e\000\040\000R\000e\000f\000e\000r\000e\000n\000c\000e}{chapter.7}% 109
\BOOKMARK [2][-]{subsection.7.13.1}{\376\377\0007\000.\0001\0003\000.\0001\000\040\000D\000e\000t\000a\000i\000l\000e\000d\000\040\000D\000e\000s\000c\000r\000i\000p\000t\000i\000o\000n}{section.7.13}% 110
\BOOKMARK [2][-]{subsection.7.13.2}{\376\377\0007\000.\0001\0003\000.\0002\000\040\000T\000y\000p\000e\000d\000e\000f\000\040\000D\000o\000c\000u\000m\000e\000n\000t\000a\000t\000i\000o\000n}{section.7.13}% 111
\BOOKMARK [3][-]{subsubsection.7.13.2.1}{\376\377\0007\000.\0001\0003\000.\0002\000.\0001\000\040\000b\000l\000u\000e\000L\000e\000d}{subsection.7.13.2}% 112
\BOOKMARK [3][-]{subsubsection.7.13.2.2}{\376\377\0007\000.\0001\0003\000.\0002\000.\0002\000\040\000g\000r\000e\000e\000n\000L\000e\000d}{subsection.7.13.2}% 113
\BOOKMARK [3][-]{subsubsection.7.13.2.3}{\376\377\0007\000.\0001\0003\000.\0002\000.\0003\000\040\000o\000r\000a\000n\000g\000e\000L\000e\000d}{subsection.7.13.2}% 114
\BOOKMARK [3][-]{subsubsection.7.13.2.4}{\376\377\0007\000.\0001\0003\000.\0002\000.\0004\000\040\000r\000e\000d\000L\000e\000d}{subsection.7.13.2}% 115
\BOOKMARK [2][-]{subsection.7.13.3}{\376\377\0007\000.\0001\0003\000.\0003\000\040\000F\000u\000n\000c\000t\000i\000o\000n\000\040\000D\000o\000c\000u\000m\000e\000n\000t\000a\000t\000i\000o\000n}{section.7.13}% 116
\BOOKMARK [3][-]{subsubsection.7.13.3.1}{\376\377\0007\000.\0001\0003\000.\0003\000.\0001\000\040\000b\000l\000i\000n\000k\000i\000n\000g\000C\000l\000o\000c\000k\000w\000i\000s\000e\000\050\000\051}{subsection.7.13.3}% 117
\BOOKMARK [3][-]{subsubsection.7.13.3.2}{\376\377\0007\000.\0001\0003\000.\0003\000.\0002\000\040\000b\000l\000i\000n\000k\000i\000n\000g\000C\000o\000u\000n\000t\000e\000r\000C\000l\000o\000c\000k\000w\000i\000s\000e\000\050\000\051}{subsection.7.13.3}% 118
\BOOKMARK [3][-]{subsubsection.7.13.3.3}{\376\377\0007\000.\0001\0003\000.\0003\000.\0003\000\040\000b\000l\000i\000n\000k\000i\000n\000g\000G\000a\000m\000e\000\050\000\051}{subsection.7.13.3}% 119
\BOOKMARK [3][-]{subsubsection.7.13.3.4}{\376\377\0007\000.\0001\0003\000.\0003\000.\0004\000\040\000b\000l\000i\000n\000k\000i\000n\000g\000s\000e\000q\000u\000e\000n\000c\000e\000\050\000\051}{subsection.7.13.3}% 120
\BOOKMARK [3][-]{subsubsection.7.13.3.5}{\376\377\0007\000.\0001\0003\000.\0003\000.\0005\000\040\000b\000l\000i\000n\000k\000L\000e\000d\000\050\000\051}{subsection.7.13.3}% 121
\BOOKMARK [3][-]{subsubsection.7.13.3.6}{\376\377\0007\000.\0001\0003\000.\0003\000.\0006\000\040\000c\000a\000l\000c\000u\000l\000a\000t\000e\000S\000l\000e\000e\000p\000T\000i\000m\000e\000\050\000\051}{subsection.7.13.3}% 122
\BOOKMARK [3][-]{subsubsection.7.13.3.7}{\376\377\0007\000.\0001\0003\000.\0003\000.\0007\000\040\000c\000l\000o\000c\000k\000O\000r\000C\000o\000u\000n\000t\000e\000r\000C\000l\000o\000c\000k\000W\000i\000s\000e\000\050\000\051}{subsection.7.13.3}% 123
\BOOKMARK [3][-]{subsubsection.7.13.3.8}{\376\377\0007\000.\0001\0003\000.\0003\000.\0008\000\040\000i\000n\000i\000t\000L\000e\000d\000s\000\050\000\051}{subsection.7.13.3}% 124
\BOOKMARK [3][-]{subsubsection.7.13.3.9}{\376\377\0007\000.\0001\0003\000.\0003\000.\0009\000\040\000o\000n\000O\000f\000f\000B\000l\000i\000n\000k\000i\000n\000g\000\050\000\051}{subsection.7.13.3}% 125
\BOOKMARK [3][-]{subsubsection.7.13.3.10}{\376\377\0007\000.\0001\0003\000.\0003\000.\0001\0000\000\040\000t\000u\000r\000n\000A\000l\000l\000O\000f\000f\000\050\000\051}{subsection.7.13.3}% 126
\BOOKMARK [3][-]{subsubsection.7.13.3.11}{\376\377\0007\000.\0001\0003\000.\0003\000.\0001\0001\000\040\000t\000u\000r\000n\000A\000l\000l\000O\000n\000\050\000\051}{subsection.7.13.3}% 127
\BOOKMARK [2][-]{subsection.7.13.4}{\376\377\0007\000.\0001\0003\000.\0004\000\040\000V\000a\000r\000i\000a\000b\000l\000e\000\040\000D\000o\000c\000u\000m\000e\000n\000t\000a\000t\000i\000o\000n}{section.7.13}% 128
\BOOKMARK [3][-]{subsubsection.7.13.4.1}{\376\377\0007\000.\0001\0003\000.\0004\000.\0001\000\040\000d\000i\000f\000f\000i\000c\000u\000l\000t\000y}{subsection.7.13.4}% 129
\BOOKMARK [3][-]{subsubsection.7.13.4.2}{\376\377\0007\000.\0001\0003\000.\0004\000.\0002\000\040\000g\000a\000m\000e}{subsection.7.13.4}% 130
\BOOKMARK [3][-]{subsubsection.7.13.4.3}{\376\377\0007\000.\0001\0003\000.\0004\000.\0003\000\040\000l\000e\000v\000e\000l}{subsection.7.13.4}% 131
\BOOKMARK [1][-]{section.7.14}{\376\377\0007\000.\0001\0004\000\040\000l\000e\000d\000.\000d\000\040\000F\000i\000l\000e\000\040\000R\000e\000f\000e\000r\000e\000n\000c\000e}{chapter.7}% 132
\BOOKMARK [1][-]{section.7.15}{\376\377\0007\000.\0001\0005\000\040\000l\000e\000d\000.\000h\000\040\000F\000i\000l\000e\000\040\000R\000e\000f\000e\000r\000e\000n\000c\000e}{chapter.7}% 133
\BOOKMARK [2][-]{subsection.7.15.1}{\376\377\0007\000.\0001\0005\000.\0001\000\040\000D\000e\000t\000a\000i\000l\000e\000d\000\040\000D\000e\000s\000c\000r\000i\000p\000t\000i\000o\000n}{section.7.15}% 134
\BOOKMARK [2][-]{subsection.7.15.2}{\376\377\0007\000.\0001\0005\000.\0002\000\040\000M\000a\000c\000r\000o\000\040\000D\000e\000f\000i\000n\000i\000t\000i\000o\000n\000\040\000D\000o\000c\000u\000m\000e\000n\000t\000a\000t\000i\000o\000n}{section.7.15}% 135
\BOOKMARK [3][-]{subsubsection.7.15.2.1}{\376\377\0007\000.\0001\0005\000.\0002\000.\0001\000\040\000B\000L\000U\000E}{subsection.7.15.2}% 136
\BOOKMARK [3][-]{subsubsection.7.15.2.2}{\376\377\0007\000.\0001\0005\000.\0002\000.\0002\000\040\000G\000R\000E\000E\000N}{subsection.7.15.2}% 137
\BOOKMARK [3][-]{subsubsection.7.15.2.3}{\376\377\0007\000.\0001\0005\000.\0002\000.\0003\000\040\000O\000R\000A\000N\000G\000E}{subsection.7.15.2}% 138
\BOOKMARK [3][-]{subsubsection.7.15.2.4}{\376\377\0007\000.\0001\0005\000.\0002\000.\0004\000\040\000R\000E\000D}{subsection.7.15.2}% 139
\BOOKMARK [2][-]{subsection.7.15.3}{\376\377\0007\000.\0001\0005\000.\0003\000\040\000F\000u\000n\000c\000t\000i\000o\000n\000\040\000D\000o\000c\000u\000m\000e\000n\000t\000a\000t\000i\000o\000n}{section.7.15}% 140
\BOOKMARK [3][-]{subsubsection.7.15.3.1}{\376\377\0007\000.\0001\0005\000.\0003\000.\0001\000\040\000b\000l\000i\000n\000k\000i\000n\000g\000C\000l\000o\000c\000k\000w\000i\000s\000e\000\050\000\051}{subsection.7.15.3}% 141
\BOOKMARK [3][-]{subsubsection.7.15.3.2}{\376\377\0007\000.\0001\0005\000.\0003\000.\0002\000\040\000b\000l\000i\000n\000k\000i\000n\000g\000C\000o\000u\000n\000t\000e\000r\000C\000l\000o\000c\000k\000w\000i\000s\000e\000\050\000\051}{subsection.7.15.3}% 142
\BOOKMARK [3][-]{subsubsection.7.15.3.3}{\376\377\0007\000.\0001\0005\000.\0003\000.\0003\000\040\000b\000l\000i\000n\000k\000i\000n\000g\000G\000a\000m\000e\000\050\000\051}{subsection.7.15.3}% 143
\BOOKMARK [3][-]{subsubsection.7.15.3.4}{\376\377\0007\000.\0001\0005\000.\0003\000.\0004\000\040\000b\000l\000i\000n\000k\000i\000n\000g\000s\000e\000q\000u\000e\000n\000c\000e\000\050\000\051}{subsection.7.15.3}% 144
\BOOKMARK [3][-]{subsubsection.7.15.3.5}{\376\377\0007\000.\0001\0005\000.\0003\000.\0005\000\040\000b\000l\000i\000n\000k\000L\000e\000d\000\050\000\051}{subsection.7.15.3}% 145
\BOOKMARK [3][-]{subsubsection.7.15.3.6}{\376\377\0007\000.\0001\0005\000.\0003\000.\0006\000\040\000c\000a\000l\000c\000u\000l\000a\000t\000e\000S\000l\000e\000e\000p\000T\000i\000m\000e\000\050\000\051}{subsection.7.15.3}% 146
\BOOKMARK [3][-]{subsubsection.7.15.3.7}{\376\377\0007\000.\0001\0005\000.\0003\000.\0007\000\040\000c\000l\000o\000c\000k\000O\000r\000C\000o\000u\000n\000t\000e\000r\000C\000l\000o\000c\000k\000W\000i\000s\000e\000\050\000\051}{subsection.7.15.3}% 147
\BOOKMARK [3][-]{subsubsection.7.15.3.8}{\376\377\0007\000.\0001\0005\000.\0003\000.\0008\000\040\000i\000n\000i\000t\000L\000e\000d\000s\000\050\000\051}{subsection.7.15.3}% 148
\BOOKMARK [3][-]{subsubsection.7.15.3.9}{\376\377\0007\000.\0001\0005\000.\0003\000.\0009\000\040\000o\000n\000O\000f\000f\000B\000l\000i\000n\000k\000i\000n\000g\000\050\000\051}{subsection.7.15.3}% 149
\BOOKMARK [3][-]{subsubsection.7.15.3.10}{\376\377\0007\000.\0001\0005\000.\0003\000.\0001\0000\000\040\000t\000u\000r\000n\000A\000l\000l\000O\000f\000f\000\050\000\051}{subsection.7.15.3}% 150
\BOOKMARK [3][-]{subsubsection.7.15.3.11}{\376\377\0007\000.\0001\0005\000.\0003\000.\0001\0001\000\040\000t\000u\000r\000n\000A\000l\000l\000O\000n\000\050\000\051}{subsection.7.15.3}% 151
\BOOKMARK [1][-]{section.7.16}{\376\377\0007\000.\0001\0006\000\040\000m\000a\000i\000n\000.\000c\000p\000p\000\040\000F\000i\000l\000e\000\040\000R\000e\000f\000e\000r\000e\000n\000c\000e}{chapter.7}% 152
\BOOKMARK [2][-]{subsection.7.16.1}{\376\377\0007\000.\0001\0006\000.\0001\000\040\000D\000e\000t\000a\000i\000l\000e\000d\000\040\000D\000e\000s\000c\000r\000i\000p\000t\000i\000o\000n}{section.7.16}% 153
\BOOKMARK [2][-]{subsection.7.16.2}{\376\377\0007\000.\0001\0006\000.\0002\000\040\000F\000u\000n\000c\000t\000i\000o\000n\000\040\000D\000o\000c\000u\000m\000e\000n\000t\000a\000t\000i\000o\000n}{section.7.16}% 154
\BOOKMARK [3][-]{subsubsection.7.16.2.1}{\376\377\0007\000.\0001\0006\000.\0002\000.\0001\000\040\000m\000a\000i\000n\000\050\000\051}{subsection.7.16.2}% 155
\BOOKMARK [3][-]{subsubsection.7.16.2.2}{\376\377\0007\000.\0001\0006\000.\0002\000.\0002\000\040\000m\000a\000i\000n\000I\000n\000i\000t\000i\000a\000l\000i\000s\000a\000t\000i\000o\000n\000\050\000\051}{subsection.7.16.2}% 156
\BOOKMARK [3][-]{subsubsection.7.16.2.3}{\376\377\0007\000.\0001\0006\000.\0002\000.\0003\000\040\000r\000e\000I\000n\000i\000t\000i\000a\000l\000i\000s\000a\000t\000i\000o\000n\000\050\000\051}{subsection.7.16.2}% 157
\BOOKMARK [2][-]{subsection.7.16.3}{\376\377\0007\000.\0001\0006\000.\0003\000\040\000V\000a\000r\000i\000a\000b\000l\000e\000\040\000D\000o\000c\000u\000m\000e\000n\000t\000a\000t\000i\000o\000n}{section.7.16}% 158
\BOOKMARK [3][-]{subsubsection.7.16.3.1}{\376\377\0007\000.\0001\0006\000.\0003\000.\0001\000\040\000a\000c\000t\000i\000o\000n}{subsection.7.16.3}% 159
\BOOKMARK [3][-]{subsubsection.7.16.3.2}{\376\377\0007\000.\0001\0006\000.\0003\000.\0002\000\040\000d\000i\000f\000f\000i\000c\000u\000l\000t\000y}{subsection.7.16.3}% 160
\BOOKMARK [3][-]{subsubsection.7.16.3.3}{\376\377\0007\000.\0001\0006\000.\0003\000.\0003\000\040\000g\000a\000m\000e}{subsection.7.16.3}% 161
\BOOKMARK [3][-]{subsubsection.7.16.3.4}{\376\377\0007\000.\0001\0006\000.\0003\000.\0004\000\040\000h\000i\000g\000h\000s\000c\000o\000r\000e}{subsection.7.16.3}% 162
\BOOKMARK [3][-]{subsubsection.7.16.3.5}{\376\377\0007\000.\0001\0006\000.\0003\000.\0005\000\040\000i\000n\000t\000e\000r\000a\000c\000t\000i\000o\000n}{subsection.7.16.3}% 163
\BOOKMARK [3][-]{subsubsection.7.16.3.6}{\376\377\0007\000.\0001\0006\000.\0003\000.\0006\000\040\000l\000e\000v\000e\000l}{subsection.7.16.3}% 164
\BOOKMARK [3][-]{subsubsection.7.16.3.7}{\376\377\0007\000.\0001\0006\000.\0003\000.\0007\000\040\000m\000u\000t\000e\000x}{subsection.7.16.3}% 165
\BOOKMARK [1][-]{section.7.17}{\376\377\0007\000.\0001\0007\000\040\000m\000a\000i\000n\000.\000d\000\040\000F\000i\000l\000e\000\040\000R\000e\000f\000e\000r\000e\000n\000c\000e}{chapter.7}% 166
\BOOKMARK [1][-]{section.7.18}{\376\377\0007\000.\0001\0008\000\040\000p\000l\000a\000y\000e\000r\000.\000c\000p\000p\000\040\000F\000i\000l\000e\000\040\000R\000e\000f\000e\000r\000e\000n\000c\000e}{chapter.7}% 167
\BOOKMARK [2][-]{subsection.7.18.1}{\376\377\0007\000.\0001\0008\000.\0001\000\040\000T\000y\000p\000e\000d\000e\000f\000\040\000D\000o\000c\000u\000m\000e\000n\000t\000a\000t\000i\000o\000n}{section.7.18}% 168
\BOOKMARK [3][-]{subsubsection.7.18.1.1}{\376\377\0007\000.\0001\0008\000.\0001\000.\0001\000\040\000i\0002\000c}{subsection.7.18.1}% 169
\BOOKMARK [3][-]{subsubsection.7.18.1.2}{\376\377\0007\000.\0001\0008\000.\0001\000.\0002\000\040\000l\000r\000c\000k}{subsection.7.18.1}% 170
\BOOKMARK [3][-]{subsubsection.7.18.1.3}{\376\377\0007\000.\0001\0008\000.\0001\000.\0003\000\040\000m\000c\000l\000k}{subsection.7.18.1}% 171
\BOOKMARK [3][-]{subsubsection.7.18.1.4}{\376\377\0007\000.\0001\0008\000.\0001\000.\0004\000\040\000r\000e\000s\000e\000t}{subsection.7.18.1}% 172
\BOOKMARK [3][-]{subsubsection.7.18.1.5}{\376\377\0007\000.\0001\0008\000.\0001\000.\0005\000\040\000s\000c\000l}{subsection.7.18.1}% 173
\BOOKMARK [3][-]{subsubsection.7.18.1.6}{\376\377\0007\000.\0001\0008\000.\0001\000.\0006\000\040\000s\000c\000l\000k}{subsection.7.18.1}% 174
\BOOKMARK [3][-]{subsubsection.7.18.1.7}{\376\377\0007\000.\0001\0008\000.\0001\000.\0007\000\040\000s\000d\000a}{subsection.7.18.1}% 175
\BOOKMARK [3][-]{subsubsection.7.18.1.8}{\376\377\0007\000.\0001\0008\000.\0001\000.\0008\000\040\000s\000d\000i\000n}{subsection.7.18.1}% 176
\BOOKMARK [2][-]{subsection.7.18.2}{\376\377\0007\000.\0001\0008\000.\0002\000\040\000F\000u\000n\000c\000t\000i\000o\000n\000\040\000D\000o\000c\000u\000m\000e\000n\000t\000a\000t\000i\000o\000n}{section.7.18}% 177
\BOOKMARK [3][-]{subsubsection.7.18.2.1}{\376\377\0007\000.\0001\0008\000.\0002\000.\0001\000\040\000\137\000\137\000a\000t\000t\000r\000i\000b\000u\000t\000e\000\137\000\137\000\050\000\051\000\040\000[\0001\000/\0002\000]}{subsection.7.18.2}% 178
\BOOKMARK [3][-]{subsubsection.7.18.2.2}{\376\377\0007\000.\0001\0008\000.\0002\000.\0002\000\040\000\137\000\137\000a\000t\000t\000r\000i\000b\000u\000t\000e\000\137\000\137\000\050\000\051\000\040\000[\0002\000/\0002\000]}{subsection.7.18.2}% 179
\BOOKMARK [3][-]{subsubsection.7.18.2.3}{\376\377\0007\000.\0001\0008\000.\0002\000.\0003\000\040\000c\000s\0004\0003\000l\0002\0002\000v\000o\000l\000u\000m\000e\000\050\000\051}{subsection.7.18.2}% 180
\BOOKMARK [1][-]{section.7.19}{\376\377\0007\000.\0001\0009\000\040\000p\000l\000a\000y\000e\000r\000.\000d\000\040\000F\000i\000l\000e\000\040\000R\000e\000f\000e\000r\000e\000n\000c\000e}{chapter.7}% 181
\BOOKMARK [1][-]{section.7.20}{\376\377\0007\000.\0002\0000\000\040\000p\000l\000a\000y\000e\000r\000.\000h\000\040\000F\000i\000l\000e\000\040\000R\000e\000f\000e\000r\000e\000n\000c\000e}{chapter.7}% 182
\BOOKMARK [1][-]{section.7.21}{\376\377\0007\000.\0002\0001\000\040\000R\000E\000A\000D\000M\000E\000.\000m\000d\000\040\000F\000i\000l\000e\000\040\000R\000e\000f\000e\000r\000e\000n\000c\000e}{chapter.7}% 183
\BOOKMARK [0][-]{section*.34}{\376\377\000I\000n\000d\000e\000x}{}% 184
